Arguments: 
  /usr/local/bin/node /usr/local/Cellar/yarn/1.21.1/libexec/bin/yarn.js install

PATH: 
  /Users/theo/bin:/usr/local/bin:/Users/theo/Downloads/kotlin-native-macos-0.9/bin:/usr/local/bin:/usr/bin:/bin:/usr/sbin:/sbin

Yarn version: 
  1.21.1

Node version: 
  12.14.1

Platform: 
  darwin x64

Trace: 
  Error: https://registry.yarnpkg.com/2-thenable: Not found
      at Request.params.callback [as _callback] (/usr/local/Cellar/yarn/1.21.1/libexec/lib/cli.js:66947:18)
      at Request.self.callback (/usr/local/Cellar/yarn/1.21.1/libexec/lib/cli.js:140665:22)
      at Request.emit (events.js:223:5)
      at Request.<anonymous> (/usr/local/Cellar/yarn/1.21.1/libexec/lib/cli.js:141637:10)
      at Request.emit (events.js:223:5)
      at IncomingMessage.<anonymous> (/usr/local/Cellar/yarn/1.21.1/libexec/lib/cli.js:141559:12)
      at Object.onceWrapper (events.js:312:28)
      at IncomingMessage.emit (events.js:228:7)
      at endReadableNT (_stream_readable.js:1185:12)
      at processTicksAndRejections (internal/process/task_queues.js:81:21)

npm manifest: 
  {
    "name": "guided",
    "version": "0.0.0",
    "private": true,
    "scripts": {
      "watch": "yarn build && yarn wsrun watch",
      "develop:frontend": "STAGE=local yarn workspace @guided/website run develop",
      "develop:backend": "STAGE=local yarn workspace @guided/graphql run develop",
      "build": "./build.sh",
      "install:all": "yarn install",
      "clean": "find -E . -regex \".*(srv|node_modules|.cache|public|.serverless|tsconfig.tsbuildinfo|yarn.lock)\" -exec rm -rf {} \\;",
      "build:logger": "yarn workspace @guided/logger run build",
      "del": "find -E . -regex \".*/*(.d.ts|.d.ts.map|.js.map|.jsx.map)\" -exec rm -rf {} \\;",
      "build:envs": "yarn workspace @guided/envs run build",
      "build:database": "yarn workspace @guided/database run build",
      "build:events": "yarn workspace @guided/events run build",
      "build:google": "yarn workspace @guided/google run build",
      "build:geojson": "yarn workspace @guided/geojson run build",
      "build:compute-stage": "yarn workspace @guided/compute-stage run build",
      "build:compute-rides": "yarn workspace @guided/compute-rides run build",
      "build:graphql": "yarn workspace @guided/graphql run build",
      "build:website": "yarn workspace @guided/website run build",
      "build:codegen": "yarn workspace @guided/codegen run build"
    },
    "dependencies": {
      "2-thenable": "^1.0.0",
      "dotenv": "^8.2.0"
    },
    "devDependencies": {
      "typescript": "^3.7.5",
      "@types/node": "^13.7.0",
      "wsrun": "^5.2.0"
    },
    "workspaces": {
      "packages": [
        "backend/*",
        "events/*",
        "apis/*",
        "tools/*",
        "website"
      ],
      "nohoist": [
        "**"
      ]
    }
  }

yarn manifest: 
  No manifest

Lockfile: 
  No lockfile
