Arguments: 
  /usr/local/bin/node /usr/local/Cellar/yarn/1.21.1/libexec/bin/yarn.js install

PATH: 
  /Users/theo/bin:/usr/local/bin:/Users/theo/Downloads/kotlin-native-macos-0.9/bin:/usr/local/bin:/usr/bin:/bin:/usr/sbin:/sbin

Yarn version: 
  1.21.1

Node version: 
  12.14.1

Platform: 
  darwin x64

Trace: 
  Error: ENOENT: no such file or directory, chmod '/Users/theo/Code/guided/backend/graphql/node_modules/.bin/events'

npm manifest: 
  {
    "name": "@guided/compute-rides",
    "version": "0.0.0",
    "private": true,
    "main": "./srv/index.js",
    "types": "./srv/index.d.ts",
    "bin": {
      "events": "bin/cli"
    },
    "scripts": {
      "prepare": "yarn build",
      "build": "tsc",
      "watch": "tsc -w",
      "deploy": "sls deploy",
      "invoke": "STAGE=local GUIDE_ID=guide_7w03ul3 node srv/invoke.js"
    },
    "dependencies": {
      "@guided/google": "*",
      "@guided/events": "*",
      "serverless": "^1.63.0",
      "@googlemaps/google-maps-services-js": "^2.0.2",
      "serverless-dotenv-plugin": "^2.3.1"
    },
    "devDependencies": {
    },
    "workspaces": {
      "nohoist": [
        "**"
      ]
    }
  }

yarn manifest: 
  No manifest

Lockfile: 
  No lockfile
