Arguments: 
  /usr/local/bin/node /Users/theo/.yarn/bin/yarn.js install

PATH: 
  /Users/theo/.yarn/bin:/Users/theo/.config/yarn/global/node_modules/.bin:/Users/theo/bin:/usr/local/bin:/Users/theo/Downloads/kotlin-native-macos-0.9/bin:/usr/local/bin:/usr/bin:/bin:/usr/sbin:/sbin

Yarn version: 
  1.22.0

Node version: 
  12.14.1

Platform: 
  darwin x64

Trace: 
  Error: ENOENT: no such file or directory, lstat '/Users/theo/Code/guided/backend/tools/logger/node_modules/ansi-styles'

npm manifest: 
  {
    "name": "guided",
    "version": "0.0.0",
    "private": true,
    "scripts": {
      "build": "yarn wsrun -m -r --fast-exit --stages -c build",
      "watch": "yarn wsrun -m -c watch",
      "test:all": "JEST_JUNIT_OUTPUT_DIR=reports/junit/ jest --passWithNoTests --ci --reporters=default --reporters=jest-junit",
      "develop:backend": "nodemon",
      "install:retry": "until yarn; do; echo \"Failed. Prolly bad connection Lets try again\"; done",
      "start": "yarn workspace @guided/graphql run start",
      "clean": "sudo find -E . -regex \".*(yarn-error.log|srv|node_modules|.cache|public|.serverless|tsconfig.tsbuildinfo|yarn.lock|reports|junit.xml)\" -exec rm -rf {} \\;",
      "build:logger": "yarn workspace @guided/logger run build",
      "del": "find -E . -regex \".*\/src\/.*(.d.ts|.d.ts.map|.js.map|.jsx.map|.jsx|.js)\" -exec rm -rf {} \\;",
      "del:srv": "find -E . -regex \".*/(srv)\" -exec rm -rf {} \\;"
    },
    "dependencies": {
      "dotenv": "^8.2.0"
    },
    "devDependencies": {
      "webpack-cli": "^3.3.11",
      "webpack": "^4.41.6",
      "nodemon": "^2.0.2",
      "jest": "^25.1.0",
      "jest-each": "^25.1.0",
      "jest-junit": "^10.0.0",
      "@types/jest": "^25.1.2",
      "ts-jest": "^25.2.0",
      "typescript": "latest",
      "@types/node": "^13.7.0",
      "wsrun": "^5.2.0",
      "@types/faker": "^4.1.9",
      "faker": "^4.1.0"
    },
    "workspaces": {
      "packages": [
        "tools/*",
        "elements/*",
        "apis/*"
      ]
    }
  }

yarn manifest: 
  No manifest

Lockfile: 
  No lockfile
