Arguments: 
  /usr/local/bin/node /Users/theo/.yarn/bin/yarn.js install

PATH: 
  /Users/theo/.yarn/bin:/Users/theo/.config/yarn/global/node_modules/.bin:/Users/theo/bin:/usr/local/bin:/Users/theo/Downloads/kotlin-native-macos-0.9/bin:/usr/local/bin:/usr/bin:/bin:/usr/sbin:/sbin

Yarn version: 
  1.22.0

Node version: 
  12.14.1

Platform: 
  darwin x64

Trace: 
  SyntaxError: /Users/theo/Code/guided/tools/geojson/package.json: Unexpected string in JSON at position 413
      at JSON.parse (<anonymous>)
      at /Users/theo/.yarn/lib/cli.js:1625:59
      at Generator.next (<anonymous>)
      at step (/Users/theo/.yarn/lib/cli.js:310:30)
      at /Users/theo/.yarn/lib/cli.js:321:13

npm manifest: 
  {
    "name": "@guided/geojson",
    "version": "0.0.0",
    "private": true,
    "main": "./srv/index.js",
    "types": "./srv/index.d.ts",
    "scripts": {
      "prepare": "yarn build",
      "build": "tsc",
      "test": "jest",
      "watch": "tsc -w"
    },
    "dependencies": {
      "@pirxpilot/google-polyline": "^3.0.1",
      "topojson-simplify": "^3.0.3"
    },
    "devDependencies": {
      "@types/topojson-simplify": "^3.0.0"
      "@types/geojson": "^7946.0.7",
      "@types/node": "^13.7.0"
    }
  }

yarn manifest: 
  No manifest

Lockfile: 
  No lockfile
