Arguments: 
  /usr/local/bin/node /usr/local/Cellar/yarn/1.21.1/libexec/bin/yarn.js install

PATH: 
  /Users/theo/bin:/usr/local/bin:/Users/theo/Downloads/kotlin-native-macos-0.9/bin:/usr/local/bin:/usr/bin:/bin:/usr/sbin:/sbin

Yarn version: 
  1.21.1

Node version: 
  12.14.1

Platform: 
  darwin x64

Trace: 
  SyntaxError: /Users/theo/Code/guided/backend/server/package.json: Unexpected string in JSON at position 536
      at JSON.parse (<anonymous>)
      at /usr/local/Cellar/yarn/1.21.1/libexec/lib/cli.js:1625:59
      at Generator.next (<anonymous>)
      at step (/usr/local/Cellar/yarn/1.21.1/libexec/lib/cli.js:310:30)
      at /usr/local/Cellar/yarn/1.21.1/libexec/lib/cli.js:321:13

npm manifest: 
  {
    "name": "@guided/backend",
    "private": true,
    "version": "0.0.0",
    "scripts": {
      "build": "tsc",
      "start": "node -r ts-node/register ./src/server.ts",
      "deploy": "yarn build && sls deploy"
    },
    "dependencies": {
      "express": "^4.17.1",
      "postgraphile": "^4.5.5",
      "dotenv": "^8.2.0",
      "serverless-content-encoding": "^1.1.0",
      "aws-serverless-express": "^3.3.6",
      "@graphile-contrib/pg-simplify-inflector": "^5.0.0-beta.1"
    },
    "devDependencies": {
      "@types/aws-serverless-express": "^3.3.3"
      "@types/node": "^13.7.0",
      "eslint": "^6.8.0",
      "eslint-plugin-import": "^2.20.1",
      "nodemon": "^2.0.2",
      "ts-node": "^8.6.2"
    },
    "nodemonConfig": {
      "ignore": [
        "**/*.test.ts",
        "**/*.spec.ts",
        ".git",
        "node_modules"
      ],
      "watch": [
        "src"
      ],
      "exec": "DOT_ENV_FILE=.env.local yarn start",
      "ext": "ts"
    }
  }

yarn manifest: 
  No manifest

Lockfile: 
  No lockfile
