Arguments: 
  /usr/local/bin/node /Users/theo/.yarn/bin/yarn.js test

PATH: 
  /Users/theo/.yarn/bin:/Users/theo/.config/yarn/global/node_modules/.bin:/Users/theo/bin:/usr/local/bin:/Users/theo/Downloads/kotlin-native-macos-0.9/bin:/usr/local/bin:/usr/bin:/bin:/usr/sbin:/sbin

Yarn version: 
  1.22.0

Node version: 
  12.14.1

Platform: 
  darwin x64

Trace: 
  SyntaxError: /Users/theo/Code/guided/apis/mapbox/package.json: Unexpected token } in JSON at position 326
      at JSON.parse (<anonymous>)
      at /Users/theo/.yarn/lib/cli.js:1625:59
      at Generator.next (<anonymous>)
      at step (/Users/theo/.yarn/lib/cli.js:310:30)
      at /Users/theo/.yarn/lib/cli.js:321:13

npm manifest: 
  {
    "name": "@guided/mapbox",
    "version": "0.0.0",
    "private": true,
    "main": "./srv/index.js",
    "types": "./srv/index.d.ts",
    "scripts": {
      "prepare": "yarn build",
      "test": "jest",
      "build": "tsc",
      "watch": "tsc -w"
    },
    "dependencies": {
      "@guided/logger": "*",
      "@mapbox/mapbox-sdk": "^0.9.0",
    },
    "devDependencies": {
      "@types/mapbox__mapbox-sdk": "^0.6.2",
      "@types/geojson": "^7946.0.7"
    }
  }

yarn manifest: 
  No manifest

Lockfile: 
  No lockfile
